<?xml version="1.0" encoding="UTF-8"?>
<!-- Generated by org.testng.reporters.JUnitXMLReporter -->
<testsuite hostname="SAGAR-PC" name="Test" tests="8" failures="0" timestamp="14 Feb 2018 10:01:56 GMT" time="31.392" errors="0">
  <testcase name="testbrowser" time="30.003" classname="UnitTest.BrowserFactorytest"/>
  <testcase name="testbrowser1" time="0.006" classname="UnitTest.BrowserFactorytest"/>
  <testcase name="testconfig" time="0.006" classname="UnitTest.TestConfigFile"/>
  <testcase name="testconfig1" time="0.005" classname="UnitTest.TestConfigFile"/>
  <testcase name="testexcel" time="1.193" classname="UnitTest.TestExcelfile"/>
  <testcase name="testexcel1" time="0.05" classname="UnitTest.TestExcelfile"/>
  <testcase name="testconfig" time="0.006" classname="UnitTest.DataProviderFactoryTest"/>
  <testcase name="testexcel" time="0.048" classname="UnitTest.DataProviderFactoryTest"/>
</testsuite> <!-- Test -->
