<?xml version="1.0" encoding="UTF-8"?>
<!-- Generated by org.testng.reporters.JUnitXMLReporter -->
<testsuite hostname="SAGAR-PC" name="CrossbrowserTestChrome" tests="2" failures="2" timestamp="16 Feb 2018 07:52:13 GMT" time="65.076" errors="0">
  <testcase name="verifyHomePage" time="52.259" classname="TestCases.VerifyHomePage">
    <failure type="java.lang.AssertionError" message="HomePage is not verified expected [true] but found [false]">
      <![CDATA[java.lang.AssertionError: HomePage is not verified expected [true] but found [false]
	at TestCases.VerifyHomePage.verifyHomePage(VerifyHomePage.java:26)
	at java.util.concurrent.FutureTask$Sync.innerRun(Unknown Source)
	at java.util.concurrent.FutureTask.run(Unknown Source)
	at java.util.concurrent.ThreadPoolExecutor.runWorker(Unknown Source)
	at java.util.concurrent.ThreadPoolExecutor$Worker.run(Unknown Source)
	at java.lang.Thread.run(Unknown Source)
... Removed 19 stack frames]]>
    </failure>
  </testcase> <!-- verifyHomePage -->
  <testcase name="verifyregistation" time="10.131" classname="TestCases.VerifyregistrationPage">
    <failure type="java.lang.AssertionError" message="Error massage is not not varified properly  expected [true] but found [false]">
      <![CDATA[java.lang.AssertionError: Error massage is not not varified properly  expected [true] but found [false]
	at TestCases.VerifyregistrationPage.verifyregistation(VerifyregistrationPage.java:49)
	at java.util.concurrent.FutureTask$Sync.innerRun(Unknown Source)
	at java.util.concurrent.FutureTask.run(Unknown Source)
	at java.util.concurrent.ThreadPoolExecutor.runWorker(Unknown Source)
	at java.util.concurrent.ThreadPoolExecutor$Worker.run(Unknown Source)
	at java.lang.Thread.run(Unknown Source)
... Removed 19 stack frames]]>
    </failure>
  </testcase> <!-- verifyregistation -->
</testsuite> <!-- CrossbrowserTestChrome -->
