<?xml version="1.0" encoding="UTF-8"?>
<!-- Generated by org.testng.reporters.JUnitXMLReporter -->
<testsuite hostname="SAGAR-PC" name="crossbroswertestchrome" tests="1" failures="1" timestamp="22 Feb 2018 08:36:56 GMT" time="41.978" errors="0">
  <testcase name="verifyregistation" time="40.114" classname="TestCases.VerifyregistrationPage">
    <failure type="java.lang.AssertionError" message="Error massage is not not varified properly  expected [true] but found [false]">
      <![CDATA[java.lang.AssertionError: Error massage is not not varified properly  expected [true] but found [false]
	at TestCases.VerifyregistrationPage.verifyregistation(VerifyregistrationPage.java:50)
	at java.util.concurrent.FutureTask$Sync.innerRun(Unknown Source)
	at java.util.concurrent.FutureTask.run(Unknown Source)
	at java.util.concurrent.ThreadPoolExecutor.runWorker(Unknown Source)
	at java.util.concurrent.ThreadPoolExecutor$Worker.run(Unknown Source)
	at java.lang.Thread.run(Unknown Source)
... Removed 19 stack frames]]>
    </failure>
  </testcase> <!-- verifyregistation -->
</testsuite> <!-- crossbroswertestchrome -->
