<?xml version="1.0" encoding="UTF-8"?>
<!-- Generated by org.testng.reporters.JUnitXMLReporter -->
<testsuite hostname="SAGAR-PC" name="Test" tests="1" failures="1" timestamp="18 Mar 2018 18:34:26 GMT" time="8.958" errors="0">
  <testcase name="verifyHomePage" time="7.543" classname="TestCases.VerifyHomePage">
    <failure type="java.lang.AssertionError" message="HomePage is not verified expected [true] but found [false]">
      <![CDATA[java.lang.AssertionError: HomePage is not verified expected [true] but found [false]
	at TestCases.VerifyHomePage.verifyHomePage(VerifyHomePage.java:29)
	at TestRunner.TestEngine.main(TestEngine.java:27)
... Removed 24 stack frames]]>
    </failure>
  </testcase> <!-- verifyHomePage -->
</testsuite> <!-- Test -->
