<?xml version="1.0" encoding="UTF-8"?>
<!-- Generated by org.testng.reporters.JUnitXMLReporter -->
<testsuite hostname="SAGAR-PC" name="unitTest" tests="2" failures="1" timestamp="12 Mar 2018 06:50:21 GMT" time="6.99" errors="0">
  <testcase name="verifyHomePage" time="5.661" classname="TestCases.VerifyHomePage">
    <failure type="java.lang.AssertionError" message="HomePage is not verified expected [true] but found [false]">
      <![CDATA[java.lang.AssertionError: HomePage is not verified expected [true] but found [false]
	at TestCases.VerifyHomePage.verifyHomePage(VerifyHomePage.java:29)
	at TestRunner.TestEngine.main(TestEngine.java:24)
... Removed 24 stack frames]]>
    </failure>
  </testcase> <!-- verifyHomePage -->
  <testcase name="verifyregistation" time="0.003" classname="TestCases.VerifyregistrationPage">
    <skipped/>
  </testcase> <!-- verifyregistation -->
</testsuite> <!-- unitTest -->
