<?xml version="1.0" encoding="UTF-8"?>
<!-- Generated by org.testng.reporters.JUnitXMLReporter -->
<testsuite hostname="SAGAR-PC" name="Test" tests="4" failures="0" timestamp="15 Feb 2018 09:46:33 GMT" time="2.077" errors="0">
  <testcase name="testconfig" time="0.035" classname="UnitTest.TestConfigFile"/>
  <testcase name="testconfig1" time="0.008" classname="UnitTest.TestConfigFile"/>
  <testcase name="testexcel" time="1.896" classname="UnitTest.TestExcelfile"/>
  <testcase name="testexcel1" time="0.064" classname="UnitTest.TestExcelfile"/>
</testsuite> <!-- Test -->
